<?xml version='1.0'?>
<ns2:test-suite xmlns:ns2='urn:model.allure.qatools.yandex.ru' start='1563843560466' stop='1563843755636'>
    <name>telephony HA</name>
    <title>telephony HA</title>
    <test-cases>
        <test-case start='1563843561708' status='failed' stop='1563843755634'>
            <name>[JPT-2301][P1][Jayson Zhang] Switch to backup proxy after 10 times connectionFailed on main proxy</name>
            <title>[JPT-2301][P1][Jayson Zhang] Switch to backup proxy after 10 times connectionFailed on main proxy</title>
            <labels>
                <label name='severity' value='critical'/>
            </labels>
            <parameters/>
            <steps>
                <step start='1563843754578' status='failed' stop='1563843754579'>
                    <name>Given pageCaller is registered</name>
                    <title>Given pageCaller is registered</title>
                    <attachments/>
                    <steps/>
                </step>
            </steps>
            <attachments>
                <attachment title='browser: browserCaller, page: pageCaller' source='58a7988e-3b25-4f2c-a918-be50df657315-attachment.png' type='image/png' size='38943'/>
                <attachment title='browser: browserCaller, page: pageCaller' source='e297d22a-0705-4bf3-8b7f-109caf65da17-attachment.png' type='image/png' size='38751'/>
                <attachment title='browser: browserCaller, page: pageCaller' source='68256ba3-b067-4c49-b0ae-c35e384d4262-attachment.png' type='image/png' size='39208'/>
                <attachment title='browser: browserCaller, page: pageCaller' source='48d6b905-bce2-4289-bede-39e0ca430f23-attachment.png' type='image/png' size='38946'/>
                <attachment title='browser: browserCaller, page: pageCaller' source='e2287eff-1079-4d50-a9af-92a074d4a947-attachment.png' type='image/png' size='39419'/>
            </attachments>
            <failure>
                <message>assert.equal(received, expected) or assert(received) 
                
                Expected value to be equal to:
                  true
                Received:
                  false
                    at BrowsersHelper.&lt;anonymous> (/Users/jayson.zhang/gitLab_workspace/Fiji-01/tests/telephony-sdk-test/helper/BrowserHelper.ts:592:20)
                    at step (/Users/jayson.zhang/gitLab_workspace/Fiji-01/tests/telephony-sdk-test/helper/BrowserHelper.ts:43:23)
                    at Object.next (/Users/jayson.zhang/gitLab_workspace/Fiji-01/tests/telephony-sdk-test/helper/BrowserHelper.ts:24:53)
                    at fulfilled (/Users/jayson.zhang/gitLab_workspace/Fiji-01/tests/telephony-sdk-test/helper/BrowserHelper.ts:15:58)
                    at process._tickCallback (internal/process/next_tick.js:68:7)</message>
                <stack-trace>Error: assert.equal(received, expected) or assert(received) 
                
                Expected value to be equal to:
                  true
                Received:
                  false
                    at BrowsersHelper.&lt;anonymous> (/Users/jayson.zhang/gitLab_workspace/Fiji-01/tests/telephony-sdk-test/helper/BrowserHelper.ts:592:20)
                    at step (/Users/jayson.zhang/gitLab_workspace/Fiji-01/tests/telephony-sdk-test/helper/BrowserHelper.ts:43:23)
                    at Object.next (/Users/jayson.zhang/gitLab_workspace/Fiji-01/tests/telephony-sdk-test/helper/BrowserHelper.ts:24:53)
                    at fulfilled (/Users/jayson.zhang/gitLab_workspace/Fiji-01/tests/telephony-sdk-test/helper/BrowserHelper.ts:15:58)
                    at process._tickCallback (internal/process/next_tick.js:68:7)
                    at Env.fail (/Users/jayson.zhang/gitLab_workspace/Fiji-01/tests/telephony-sdk-test/node_modules/jest/node_modules/jest-jasmine2/build/jasmine/Env.js:775:61)
                    at Function.next.fail (/Users/jayson.zhang/gitLab_workspace/Fiji-01/tests/telephony-sdk-test/node_modules/jest/node_modules/jest-jasmine2/build/queueRunner.js:38:22)
                    at returnValue.then.error (/Users/jayson.zhang/gitLab_workspace/Fiji-01/tests/telephony-sdk-test/node_modules/jest/node_modules/jest-jasmine2/build/jasmineAsyncInstall.js:65:16)
                    at process._tickCallback (internal/process/next_tick.js:68:7)</stack-trace>
            </failure>
            <description type='text'>telephony HA</description>
        </test-case>
        <test-case start='1563843755634' status='undefined' stop='1563843755634'>
            <name>[JPT-2302][P1][Jayson Zhang] switch to backup proxy immediately when register failed and response error code on main proxy</name>
            <title>[JPT-2302][P1][Jayson Zhang] switch to backup proxy immediately when register failed and response error code on main proxy</title>
            <labels/>
            <parameters/>
            <steps/>
            <attachments/>
            <failure>
                <message>This test was disabled</message>
                <stack-trace>undefined</stack-trace>
            </failure>
        </test-case>
        <test-case start='1563843755634' status='undefined' stop='1563843755634'>
            <name>[JPT-2479][P2][Jayson Zhang] register on main proxy when register failed unMatchedErrorCode on main proxy</name>
            <title>[JPT-2479][P2][Jayson Zhang] register on main proxy when register failed unMatchedErrorCode on main proxy</title>
            <labels/>
            <parameters/>
            <steps/>
            <attachments/>
            <failure>
                <message>This test was disabled</message>
                <stack-trace>undefined</stack-trace>
            </failure>
        </test-case>
        <test-case start='1563843755634' status='undefined' stop='1563843755634'>
            <name>[JPT-2303][P1][Jayson Zhang] switch to main proxy after app reaching SwitchBackInterval on backup proxy</name>
            <title>[JPT-2303][P1][Jayson Zhang] switch to main proxy after app reaching SwitchBackInterval on backup proxy</title>
            <labels/>
            <parameters/>
            <steps/>
            <attachments/>
            <failure>
                <message>This test was disabled</message>
                <stack-trace>undefined</stack-trace>
            </failure>
        </test-case>
        <test-case start='1563843755634' status='undefined' stop='1563843755634'>
            <name>[JPT-2417][P2][Jayson Zhang] Begin a new loop accord to scheduled interval after 20 times failure on main and backup proxy</name>
            <title>[JPT-2417][P2][Jayson Zhang] Begin a new loop accord to scheduled interval after 20 times failure on main and backup proxy</title>
            <labels/>
            <parameters/>
            <steps/>
            <attachments/>
            <failure>
                <message>This test was disabled</message>
                <stack-trace>undefined</stack-trace>
            </failure>
        </test-case>
        <test-case start='1563843755634' status='undefined' stop='1563843755634'>
            <name>[JPT-2421][P2][Jayson Zhang] Begin a new register loop accord to scheduled interval when register failed with matched error code on main and backup proxy</name>
            <title>[JPT-2421][P2][Jayson Zhang] Begin a new register loop accord to scheduled interval when register failed with matched error code on main and backup proxy</title>
            <labels/>
            <parameters/>
            <steps/>
            <attachments/>
            <failure>
                <message>This test was disabled</message>
                <stack-trace>undefined</stack-trace>
            </failure>
        </test-case>
    </test-cases>
</ns2:test-suite>